0 info it worked if it ends with ok
1 verbose cli [ 'C:\\nodejs\\node.exe',
1 verbose cli   'C:\\nodejs\\node_modules\\npm\\bin\\npm-cli.js',
1 verbose cli   'install',
1 verbose cli   '-g',
1 verbose cli   'n',
1 verbose cli   'latest' ]
2 info using npm@3.10.10
3 info using node@v6.11.0
4 silly loadCurrentTree Starting
5 silly install loadCurrentTree
6 silly install readGlobalPackageData
7 silly fetchPackageMetaData n
8 silly fetchPackageMetaData latest
9 silly fetchNamedPackageData n
10 silly mapToRegistry name n
11 silly mapToRegistry using default registry
12 silly mapToRegistry registry https://registry.npmjs.org/
13 silly mapToRegistry data Result {
13 silly mapToRegistry   raw: 'n',
13 silly mapToRegistry   scope: null,
13 silly mapToRegistry   escapedName: 'n',
13 silly mapToRegistry   name: 'n',
13 silly mapToRegistry   rawSpec: '',
13 silly mapToRegistry   spec: 'latest',
13 silly mapToRegistry   type: 'tag' }
14 silly mapToRegistry uri https://registry.npmjs.org/n
15 silly fetchNamedPackageData latest
16 silly mapToRegistry name latest
17 silly mapToRegistry using default registry
18 silly mapToRegistry registry https://registry.npmjs.org/
19 silly mapToRegistry data Result {
19 silly mapToRegistry   raw: 'latest',
19 silly mapToRegistry   scope: null,
19 silly mapToRegistry   escapedName: 'latest',
19 silly mapToRegistry   name: 'latest',
19 silly mapToRegistry   rawSpec: '',
19 silly mapToRegistry   spec: 'latest',
19 silly mapToRegistry   type: 'tag' }
20 silly mapToRegistry uri https://registry.npmjs.org/latest
21 verbose request uri https://registry.npmjs.org/latest
22 verbose request no auth needed
23 info attempt registry request try #1 at 10:12:49 AM
24 verbose request id 13097498ea27b396
25 http request GET https://registry.npmjs.org/latest
26 verbose request uri https://registry.npmjs.org/n
27 verbose request no auth needed
28 info attempt registry request try #1 at 10:12:49 AM
29 verbose etag W/"a54c1010fc137a5796e8f3a19db53bc8"
30 verbose lastModified Sun, 27 May 2018 08:59:29 GMT
31 http request GET https://registry.npmjs.org/n
32 http 304 https://registry.npmjs.org/n
33 verbose headers { date: 'Sat, 09 Jun 2018 08:12:48 GMT',
33 verbose headers   connection: 'keep-alive',
33 verbose headers   'set-cookie': [ '__cfduid=de6d6dac10713456c7f737c64ae59c1511528531968; expires=Sun, 09-Jun-19 08:12:48 GMT; path=/; domain=.registry.npmjs.org; HttpOnly' ],
33 verbose headers   'cache-control': 'max-age=300',
33 verbose headers   'cf-cache-status': 'HIT',
33 verbose headers   'cf-ray': '428222a03f5f5645-JNB',
33 verbose headers   etag: '"a54c1010fc137a5796e8f3a19db53bc8"',
33 verbose headers   'expect-ct': 'max-age=604800, report-uri="https://report-uri.cloudflare.com/cdn-cgi/beacon/expect-ct"',
33 verbose headers   'last-modified': 'Sun, 27 May 2018 08:59:29 GMT',
33 verbose headers   vary: 'accept-encoding, accept',
33 verbose headers   server: 'cloudflare' }
34 silly get cb [ 304,
34 silly get   { date: 'Sat, 09 Jun 2018 08:12:48 GMT',
34 silly get     connection: 'keep-alive',
34 silly get     'set-cookie': [ '__cfduid=de6d6dac10713456c7f737c64ae59c1511528531968; expires=Sun, 09-Jun-19 08:12:48 GMT; path=/; domain=.registry.npmjs.org; HttpOnly' ],
34 silly get     'cache-control': 'max-age=300',
34 silly get     'cf-cache-status': 'HIT',
34 silly get     'cf-ray': '428222a03f5f5645-JNB',
34 silly get     etag: '"a54c1010fc137a5796e8f3a19db53bc8"',
34 silly get     'expect-ct': 'max-age=604800, report-uri="https://report-uri.cloudflare.com/cdn-cgi/beacon/expect-ct"',
34 silly get     'last-modified': 'Sun, 27 May 2018 08:59:29 GMT',
34 silly get     vary: 'accept-encoding, accept',
34 silly get     server: 'cloudflare' } ]
35 verbose etag https://registry.npmjs.org/n from cache
36 verbose get saving n to C:\Users\Warren Fisher\AppData\Roaming\npm-cache\registry.npmjs.org\n\.cache.json
37 verbose correctMkdir C:\Users\Warren Fisher\AppData\Roaming\npm-cache correctMkdir not in flight; initializing
38 http 200 https://registry.npmjs.org/latest
39 verbose headers { date: 'Sat, 09 Jun 2018 08:12:49 GMT',
39 verbose headers   'content-type': 'application/json; charset=UTF-8',
39 verbose headers   'transfer-encoding': 'chunked',
39 verbose headers   connection: 'keep-alive',
39 verbose headers   'set-cookie': [ '__cfduid=d1e822431b3adb8022bbdc01b460a452b1528531968; expires=Sun, 09-Jun-19 08:12:48 GMT; path=/; domain=.registry.npmjs.org; HttpOnly' ],
39 verbose headers   'cache-control': 'max-age=300',
39 verbose headers   'cf-cache-status': 'REVALIDATED',
39 verbose headers   'cf-ray': '428222a05e9dac72-JNB',
39 verbose headers   etag: 'W/"e964f141cfb9fbef091b7d2880bed2ba"',
39 verbose headers   'expect-ct': 'max-age=604800, report-uri="https://report-uri.cloudflare.com/cdn-cgi/beacon/expect-ct"',
39 verbose headers   'last-modified': 'Sun, 27 May 2018 06:29:02 GMT',
39 verbose headers   vary: 'accept-encoding, accept',
39 verbose headers   server: 'cloudflare',
39 verbose headers   'content-encoding': 'gzip' }
40 silly get cb [ 200,
40 silly get   { date: 'Sat, 09 Jun 2018 08:12:49 GMT',
40 silly get     'content-type': 'application/json; charset=UTF-8',
40 silly get     'transfer-encoding': 'chunked',
40 silly get     connection: 'keep-alive',
40 silly get     'set-cookie': [ '__cfduid=d1e822431b3adb8022bbdc01b460a452b1528531968; expires=Sun, 09-Jun-19 08:12:48 GMT; path=/; domain=.registry.npmjs.org; HttpOnly' ],
40 silly get     'cache-control': 'max-age=300',
40 silly get     'cf-cache-status': 'REVALIDATED',
40 silly get     'cf-ray': '428222a05e9dac72-JNB',
40 silly get     etag: 'W/"e964f141cfb9fbef091b7d2880bed2ba"',
40 silly get     'expect-ct': 'max-age=604800, report-uri="https://report-uri.cloudflare.com/cdn-cgi/beacon/expect-ct"',
40 silly get     'last-modified': 'Sun, 27 May 2018 06:29:02 GMT',
40 silly get     vary: 'accept-encoding, accept',
40 silly get     server: 'cloudflare',
40 silly get     'content-encoding': 'gzip' } ]
41 verbose get saving latest to C:\Users\Warren Fisher\AppData\Roaming\npm-cache\registry.npmjs.org\latest\.cache.json
42 verbose correctMkdir C:\Users\Warren Fisher\AppData\Roaming\npm-cache correctMkdir not in flight; initializing
43 silly install normalizeTree
44 silly loadCurrentTree Finishing
45 silly loadIdealTree Starting
46 silly install loadIdealTree
47 silly cloneCurrentTree Starting
48 silly install cloneCurrentTreeToIdealTree
49 silly cloneCurrentTree Finishing
50 silly loadShrinkwrap Starting
51 silly install loadShrinkwrap
52 silly loadShrinkwrap Finishing
53 silly loadAllDepsIntoIdealTree Starting
54 silly install loadAllDepsIntoIdealTree
55 silly rollbackFailedOptional Starting
56 silly rollbackFailedOptional Finishing
57 silly runTopLevelLifecycles Finishing
58 silly install printInstalled
59 verbose stack Error: Unsupported platform for n@2.1.11: wanted {"name":"n","description":"Interactively Manage All Your Node Versions","version":"2.1.11","author":{"name":"TJ Holowaychuk","email":"tj@vision-media.ca"},"homepage":"https://github.com/tj/n","bugs":{"url":"https://github.com/tj/n/issues"},"contributors":[{"name":"Travis Webb","email":"me@traviswebb.com","url":"tjw.io"},{"name":"Nimit Kalra","email":"me@nimit.io","url":"http://nimit.io"},{"name":"Troy Connor","email":"troy0820@gmail.com","url":"https://github.com/troy0820"}],"keywords":["nvm","node","version","manager","switcher","node","binary","env"],"bin":{"n":"./bin/n"},"repository":{"type":"git","url":"git://github.com/tj/n.git"},"preferGlobal":true,"os":["!win32"],"engines":{"node":"*"},"license":"MIT","gitHead":"f5c8d642b994402376c91d13ba7f98707af07e4d","_id":"n@2.1.11","_npmVersion":"6.0.1","_nodeVersion":"10.1.0","_npmUser":{"name":"troy0820","email":"troy0820@gmail.com"},"dist":{"integrity":"sha512-TjQPkSdkGSAdiUkMouQxsNjbGV/t9i/NsfFel6pckUBknci4kbvsqWY6UdY271Z1nlslcX722STOhuKuJxzWiw==","shasum":"24af92a383f15478c392177411a2740f538cb758","tarball":"https://registry.npmjs.org/n/-/n-2.1.11.tgz","fileCount":7,"unpackedSize":29919,"npm-signature":"-----BEGIN PGP SIGNATURE-----\r\nVersion: OpenPGP.js v3.0.4\r\nComment: https://openpgpjs.org\r\n\r\nwsFcBAEBCAAQBQJa/vO+CRA9TVsSAnZWagAA8hsP/29WCaDpRsyoU9V13tCJ\n3y4XgKnH8obh2uf+AuzoG3zc5si9P2eXTiPLGWrOtsPwLEjpIChzLThHgan6\nH3B0ZFcmv60chQwrEMv8i7vuvyUd6ne0F1y9CE6KQRwegpU192l6paaR6ZVx\ngOdQMdAsdYgnBDbupWL359sUiLBeOgJVJ/GDrGvGVD5rHcGv6n+zshUrecaY\nf8+ywS3nbSOZeAvSH3jFLcEYp19K+PosZ06pe9wtOxx7ylES6rix0PwmVGRe\nCLygZw8KJ/IaqKPZl/D2HwbADbHLId5RRsIUX72T2h1NsqJlD+EOUfYqapjQ\nu1xIfju60rORZdA6Kv2/IuxCKDYICL1y8/oUAMDj1aHCuWjDVtxDYeWd1bY6\nHZ0i2N8fdlTTcIpMtKsW0CbSMGT1m+up7S0FTQrgl8RpxS1t3EhwT5uqxzLE\nb1i00KC3hE2WMZS3nCNl4vIKf6hWC8Z8cHCvumEluvJikcMokclL9ocIewf0\ncTW0GXOWS2KD/KZmujqt+PmIdBIVaGG+8cXu3NsSgHIudq2u2UWCIC+JzMct\nVUCdA4DHP/EccMjmGxJtQ7059fMOde8DJPIMAcufsTU176wXlHKrxM/4PqpK\naK5dnyTOLkFmhINOZCpsA1kDe26TlZEa2YyyIJ+3XohasBx6wBo9HY0H+viO\nAmJe\r\n=GtE+\r\n-----END PGP SIGNATURE-----\r\n"},"maintainers":[{"name":"bat","email":"ben@benatkin.com"},{"name":"qw3rtman","email":"me@nimit.io"},{"name":"tedgaydos","email":"tedgaydos@gmail.com"},{"name":"tjholowaychuk","email":"tj@vision-media.ca"},{"name":"tjwebb","email":"me@traviswebb.com"},{"name":"troy0820","email":"troy0820@gmail.com"}],"directories":{},"_npmOperationalInternal":{"host":"s3://npm-registry-packages","tmp":"tmp/n_2.1.11_1526657981189_0.5376425312877717"},"_from":"n","_resolved":"https://registry.npmjs.org/n/-/n-2.1.11.tgz","_shasum":"24af92a383f15478c392177411a2740f538cb758","_requested":{"raw":"n","scope":null,"escapedName":"n","name":"n","rawSpec":"","spec":"latest","type":"tag"},"_spec":"n","_where":"C:\\Warren\\Node-Dev\\node-tutorial","_args":[[{"raw":"n","scope":null,"escapedName":"n","name":"n","rawSpec":"","spec":"latest","type":"tag"},"C:\\Warren\\Node-Dev\\node-tutorial"]],"readme":"ERROR: No README data found!"} (current: {"os":"win32","cpu":"x64"})
59 verbose stack     at checkPlatform (C:\nodejs\node_modules\npm\node_modules\npm-install-checks\index.js:45:14)
59 verbose stack     at thenWarnEngineIssues (C:\nodejs\node_modules\npm\lib\install\validate-args.js:41:5)
59 verbose stack     at C:\nodejs\node_modules\npm\node_modules\iferr\index.js:13:50
59 verbose stack     at checkEngine (C:\nodejs\node_modules\npm\node_modules\npm-install-checks\index.js:24:10)
59 verbose stack     at module.exports.isInstallable (C:\nodejs\node_modules\npm\lib\install\validate-args.js:38:3)
59 verbose stack     at Array.<anonymous> (C:\nodejs\node_modules\npm\node_modules\slide\lib\bind-actor.js:15:8)
59 verbose stack     at LOOP (C:\nodejs\node_modules\npm\node_modules\slide\lib\chain.js:15:14)
59 verbose stack     at C:\nodejs\node_modules\npm\node_modules\slide\lib\chain.js:18:7
59 verbose stack     at checkSelf (C:\nodejs\node_modules\npm\lib\install\validate-args.js:46:72)
59 verbose stack     at Array.<anonymous> (C:\nodejs\node_modules\npm\node_modules\slide\lib\bind-actor.js:15:8)
60 verbose pkgid n@2.1.11
61 verbose cwd C:\Warren\Node-Dev\node-tutorial
62 error Windows_NT 10.0.17134
63 error argv "C:\\nodejs\\node.exe" "C:\\nodejs\\node_modules\\npm\\bin\\npm-cli.js" "install" "-g" "n" "latest"
64 error node v6.11.0
65 error npm  v3.10.10
66 error code EBADPLATFORM
67 error notsup Unsupported platform for n@2.1.11: wanted {"os":"!win32","arch":"any"} (current: {"os":"win32","arch":"x64"})
68 error notsup Valid OS:    !win32
68 error notsup Valid Arch:  any
68 error notsup Actual OS:   win32
68 error notsup Actual Arch: x64
69 verbose exit [ 1, true ]
